<?xml version="1.0" encoding="UTF-8"?>
<coverage generated="1739547168524" clover="3.2.0">
  <project timestamp="1739547168524" name="All files">
    <metrics statements="16" coveredstatements="15" conditionals="0" coveredconditionals="0" methods="9" coveredmethods="8" elements="25" coveredelements="23" complexity="0" loc="16" ncloc="16" packages="1" files="2" classes="2"/>
    <file name="Cart.js" path="C:\Users\aikin\OneDrive\Рабочий стол\cart\dist\Cart.js">
      <metrics statements="8" coveredstatements="8" conditionals="0" coveredconditionals="0" methods="7" coveredmethods="7"/>
      <line num="2" count="1" type="stmt"/>
      <line num="5" count="3" type="stmt"/>
      <line num="8" count="6" type="stmt"/>
      <line num="12" count="2" type="stmt"/>
      <line num="16" count="5" type="stmt"/>
      <line num="20" count="1" type="stmt"/>
      <line num="21" count="1" type="stmt"/>
      <line num="25" count="1" type="stmt"/>
    </file>
    <file name="Movie.js" path="C:\Users\aikin\OneDrive\Рабочий стол\cart\dist\Movie.js">
      <metrics statements="8" coveredstatements="7" conditionals="0" coveredconditionals="0" methods="2" coveredmethods="1"/>
      <line num="2" count="1" type="stmt"/>
      <line num="5" count="6" type="stmt"/>
      <line num="6" count="6" type="stmt"/>
      <line num="7" count="6" type="stmt"/>
      <line num="8" count="6" type="stmt"/>
      <line num="9" count="6" type="stmt"/>
      <line num="12" count="0" type="stmt"/>
      <line num="15" count="1" type="stmt"/>
    </file>
  </project>
</coverage>
