{"C:\\Users\\aikin\\OneDrive\\Рабочий стол\\cart\\dist\\Cart.js": {"path":"C:\\Users\\aikin\\OneDrive\\Рабочий стол\\cart\\dist\\Cart.js","statementMap":{"0":{"start":{"line":2,"column":0},"end":{"line":2,"column":62}},"1":{"start":{"line":5,"column":8},"end":{"line":5,"column":24}},"2":{"start":{"line":8,"column":8},"end":{"line":8,"column":30}},"3":{"start":{"line":12,"column":8},"end":{"line":12,"column":63}},"4":{"start":{"line":12,"column":47},"end":{"line":12,"column":61}},"5":{"start":{"line":16,"column":8},"end":{"line":16,"column":73}},"6":{"start":{"line":16,"column":50},"end":{"line":16,"column":68}},"7":{"start":{"line":20,"column":22},"end":{"line":20,"column":43}},"8":{"start":{"line":21,"column":8},"end":{"line":21,"column":48}},"9":{"start":{"line":25,"column":0},"end":{"line":25,"column":23}}},"fnMap":{"0":{"name":"(anonymous_0)","decl":{"start":{"line":4,"column":4},"end":{"line":4,"column":5}},"loc":{"start":{"line":4,"column":18},"end":{"line":6,"column":5}},"line":4},"1":{"name":"(anonymous_1)","decl":{"start":{"line":7,"column":4},"end":{"line":7,"column":5}},"loc":{"start":{"line":7,"column":18},"end":{"line":9,"column":5}},"line":7},"2":{"name":"(anonymous_2)","decl":{"start":{"line":11,"column":4},"end":{"line":11,"column":5}},"loc":{"start":{"line":11,"column":19},"end":{"line":13,"column":5}},"line":11},"3":{"name":"(anonymous_3)","decl":{"start":{"line":12,"column":39},"end":{"line":12,"column":40}},"loc":{"start":{"line":12,"column":47},"end":{"line":12,"column":61}},"line":12},"4":{"name":"(anonymous_4)","decl":{"start":{"line":15,"column":4},"end":{"line":15,"column":5}},"loc":{"start":{"line":15,"column":21},"end":{"line":17,"column":5}},"line":15},"5":{"name":"(anonymous_5)","decl":{"start":{"line":16,"column":33},"end":{"line":16,"column":34}},"loc":{"start":{"line":16,"column":50},"end":{"line":16,"column":68}},"line":16},"6":{"name":"(anonymous_6)","decl":{"start":{"line":19,"column":4},"end":{"line":19,"column":5}},"loc":{"start":{"line":19,"column":41},"end":{"line":22,"column":5}},"line":19}},"branchMap":{},"s":{"0":1,"1":3,"2":6,"3":1,"4":2,"5":3,"6":5,"7":1,"8":1,"9":1},"f":{"0":3,"1":6,"2":1,"3":2,"4":3,"5":5,"6":1},"b":{},"_coverageSchema":"1a1c01bbd47fc00a2c39e90264f33305004495a9","hash":"2212fa7721ba7577b7cab06070f51aa51067be18"}
,"C:\\Users\\aikin\\OneDrive\\Рабочий стол\\cart\\dist\\Movie.js": {"path":"C:\\Users\\aikin\\OneDrive\\Рабочий стол\\cart\\dist\\Movie.js","statementMap":{"0":{"start":{"line":2,"column":0},"end":{"line":2,"column":62}},"1":{"start":{"line":5,"column":8},"end":{"line":5,"column":21}},"2":{"start":{"line":6,"column":8},"end":{"line":6,"column":27}},"3":{"start":{"line":7,"column":8},"end":{"line":7,"column":33}},"4":{"start":{"line":8,"column":8},"end":{"line":8,"column":25}},"5":{"start":{"line":9,"column":8},"end":{"line":9,"column":27}},"6":{"start":{"line":12,"column":8},"end":{"line":12,"column":99}},"7":{"start":{"line":15,"column":0},"end":{"line":15,"column":24}}},"fnMap":{"0":{"name":"(anonymous_0)","decl":{"start":{"line":4,"column":4},"end":{"line":4,"column":5}},"loc":{"start":{"line":4,"column":50},"end":{"line":10,"column":5}},"line":4},"1":{"name":"(anonymous_1)","decl":{"start":{"line":11,"column":4},"end":{"line":11,"column":5}},"loc":{"start":{"line":11,"column":14},"end":{"line":13,"column":5}},"line":11}},"branchMap":{},"s":{"0":1,"1":6,"2":6,"3":6,"4":6,"5":6,"6":0,"7":1},"f":{"0":6,"1":0},"b":{},"_coverageSchema":"1a1c01bbd47fc00a2c39e90264f33305004495a9","hash":"d70206f952c8316ca7faa43d3e4b47701f2418b7"}
}
